# JRE version: Java(TM) SE Runtime Environment (8.0_261-b12) (build 1.8.0_261-b12)
# Java VM: Java HotSpot(TM) 64-Bit Server VM (25.261-b12 mixed mode windows-amd64 compressed oops)
Heap:
 PSYoungGen      total 647168K, used 401320K [0x000000076b200000, 0x0000000795680000, 0x00000007c0000000)
  eden space 623616K, 64% used [0x000000076b200000,0x00000007839ea300,0x0000000791300000)
  from space 23552K, 0% used [0x0000000792b00000,0x0000000792b00000,0x0000000794200000)
  to   space 24576K, 0% used [0x0000000791300000,0x0000000791300000,0x0000000792b00000)
 ParOldGen       total 207360K, used 28624K [0x00000006c1600000, 0x00000006ce080000, 0x000000076b200000)
  object space 207360K, 13% used [0x00000006c1600000,0x00000006c31f42a0,0x00000006ce080000)
 Metaspace       used 71137K, capacity 74392K, committed 74520K, reserved 1114112K
  class space    used 9627K, capacity 10181K, committed 10288K, reserved 1048576K
GC Heap History (10 events):
Event: 3.465 GC heap before
{Heap before GC invocations=7 (full 1):
 PSYoungGen      total 272896K, used 166376K [0x000000076b200000, 0x0000000786900000, 0x00000007c0000000)
  eden space 262144K, 59% used [0x000000076b200000,0x00000007749fc478,0x000000077b200000)
  from space 10752K, 99% used [0x000000077b200000,0x000000077bc7ded8,0x000000077bc80000)
  to   space 13824K, 0% used [0x0000000785b80000,0x0000000785b80000,0x0000000786900000)
 ParOldGen       total 95232K, used 7134K [0x00000006c1600000, 0x00000006c7300000, 0x000000076b200000)
  object space 95232K, 7% used [0x00000006c1600000,0x00000006c1cf78b0,0x00000006c7300000)
 Metaspace       used 33733K, capacity 35444K, committed 35496K, reserved 1079296K
  class space    used 4534K, capacity 4869K, committed 4912K, reserved 1048576K
Event: 3.477 GC heap after
Heap after GC invocations=7 (full 1):
 PSYoungGen      total 423936K, used 12545K [0x000000076b200000, 0x0000000786800000, 0x00000007c0000000)
  eden space 411136K, 0% used [0x000000076b200000,0x000000076b200000,0x0000000784380000)
  from space 12800K, 98% used [0x0000000785b80000,0x00000007867c06b8,0x0000000786800000)
  to   space 15360K, 0% used [0x0000000784a00000,0x0000000784a00000,0x0000000785900000)
 ParOldGen       total 95232K, used 7142K [0x00000006c1600000, 0x00000006c7300000, 0x000000076b200000)
  object space 95232K, 7% used [0x00000006c1600000,0x00000006c1cf98b0,0x00000006c7300000)
 Metaspace       used 33733K, capacity 35444K, committed 35496K, reserved 1079296K
  class space    used 4534K, capacity 4869K, committed 4912K, reserved 1048576K
}
Event: 3.477 GC heap before
{Heap before GC invocations=8 (full 2):
 PSYoungGen      total 423936K, used 12545K [0x000000076b200000, 0x0000000786800000, 0x00000007c0000000)
  eden space 411136K, 0% used [0x000000076b200000,0x000000076b200000,0x0000000784380000)
  from space 12800K, 98% used [0x0000000785b80000,0x00000007867c06b8,0x0000000786800000)
  to   space 15360K, 0% used [0x0000000784a00000,0x0000000784a00000,0x0000000785900000)
 ParOldGen       total 95232K, used 7142K [0x00000006c1600000, 0x00000006c7300000, 0x000000076b200000)
  object space 95232K, 7% used [0x00000006c1600000,0x00000006c1cf98b0,0x00000006c7300000)
 Metaspace       used 33733K, capacity 35444K, committed 35496K, reserved 1079296K
  class space    used 4534K, capacity 4869K, committed 4912K, reserved 1048576K
Event: 3.518 GC heap after
Heap after GC invocations=8 (full 2):
 PSYoungGen      total 423936K, used 0K [0x000000076b200000, 0x0000000786800000, 0x00000007c0000000)
  eden space 411136K, 0% used [0x000000076b200000,0x000000076b200000,0x0000000784380000)
  from space 12800K, 0% used [0x0000000785b80000,0x0000000785b80000,0x0000000786800000)
  to   space 15360K, 0% used [0x0000000784a00000,0x0000000784a00000,0x0000000785900000)
 ParOldGen       total 144384K, used 17000K [0x00000006c1600000, 0x00000006ca300000, 0x000000076b200000)
  object space 144384K, 11% used [0x00000006c1600000,0x00000006c269a3f8,0x00000006ca300000)
 Metaspace       used 33733K, capacity 35444K, committed 35496K, reserved 1079296K
  class space    used 4534K, capacity 4869K, committed 4912K, reserved 1048576K
}
Event: 5.826 GC heap before
{Heap before GC invocations=9 (full 2):
 PSYoungGen      total 423936K, used 411136K [0x000000076b200000, 0x0000000786800000, 0x00000007c0000000)
  eden space 411136K, 100% used [0x000000076b200000,0x0000000784380000,0x0000000784380000)
  from space 12800K, 0% used [0x0000000785b80000,0x0000000785b80000,0x0000000786800000)
  to   space 15360K, 0% used [0x0000000784a00000,0x0000000784a00000,0x0000000785900000)
 ParOldGen       total 144384K, used 17000K [0x00000006c1600000, 0x00000006ca300000, 0x000000076b200000)
  object space 144384K, 11% used [0x00000006c1600000,0x00000006c269a3f8,0x00000006ca300000)
 Metaspace       used 53746K, capacity 55962K, committed 56240K, reserved 1097728K
  class space    used 7340K, capacity 7770K, committed 7856K, reserved 1048576K
Event: 5.844 GC heap after
Heap after GC invocations=9 (full 2):
 PSYoungGen      total 433152K, used 15348K [0x000000076b200000, 0x0000000794200000, 0x00000007c0000000)
  eden space 417792K, 0% used [0x000000076b200000,0x000000076b200000,0x0000000784a00000)
  from space 15360K, 99% used [0x0000000784a00000,0x00000007858fd200,0x0000000785900000)
  to   space 23552K, 0% used [0x0000000792b00000,0x0000000792b00000,0x0000000794200000)
 ParOldGen       total 144384K, used 29071K [0x00000006c1600000, 0x00000006ca300000, 0x000000076b200000)
  object space 144384K, 20% used [0x00000006c1600000,0x00000006c3263e58,0x00000006ca300000)
 Metaspace       used 53746K, capacity 55962K, committed 56240K, reserved 1097728K
  class space    used 7340K, capacity 7770K, committed 7856K, reserved 1048576K
}
Event: 6.386 GC heap before
{Heap before GC invocations=10 (full 2):
 PSYoungGen      total 433152K, used 97733K [0x000000076b200000, 0x0000000794200000, 0x00000007c0000000)
  eden space 417792K, 19% used [0x000000076b200000,0x00000007702743e8,0x0000000784a00000)
  from space 15360K, 99% used [0x0000000784a00000,0x00000007858fd200,0x0000000785900000)
  to   space 23552K, 0% used [0x0000000792b00000,0x0000000792b00000,0x0000000794200000)
 ParOldGen       total 144384K, used 29071K [0x00000006c1600000, 0x00000006ca300000, 0x000000076b200000)
  object space 144384K, 20% used [0x00000006c1600000,0x00000006c3263e58,0x00000006ca300000)
 Metaspace       used 56756K, capacity 59024K, committed 59160K, reserved 1099776K
  class space    used 7739K, capacity 8141K, committed 8240K, reserved 1048576K
Event: 6.401 GC heap after
Heap after GC invocations=10 (full 2):
 PSYoungGen      total 647168K, used 17084K [0x000000076b200000, 0x0000000795680000, 0x00000007c0000000)
  eden space 623616K, 0% used [0x000000076b200000,0x000000076b200000,0x0000000791300000)
  from space 23552K, 72% used [0x0000000792b00000,0x0000000793baf0c8,0x0000000794200000)
  to   space 24576K, 0% used [0x0000000791300000,0x0000000791300000,0x0000000792b00000)
 ParOldGen       total 144384K, used 29079K [0x00000006c1600000, 0x00000006ca300000, 0x000000076b200000)
  object space 144384K, 20% used [0x00000006c1600000,0x00000006c3265e58,0x00000006ca300000)
 Metaspace       used 56756K, capacity 59024K, committed 59160K, reserved 1099776K
  class space    used 7739K, capacity 8141K, committed 8240K, reserved 1048576K
}
Event: 6.401 GC heap before
{Heap before GC invocations=11 (full 3):
 PSYoungGen      total 647168K, used 17084K [0x000000076b200000, 0x0000000795680000, 0x00000007c0000000)
  eden space 623616K, 0% used [0x000000076b200000,0x000000076b200000,0x0000000791300000)
  from space 23552K, 72% used [0x0000000792b00000,0x0000000793baf0c8,0x0000000794200000)
  to   space 24576K, 0% used [0x0000000791300000,0x0000000791300000,0x0000000792b00000)
 ParOldGen       total 144384K, used 29079K [0x00000006c1600000, 0x00000006ca300000, 0x000000076b200000)
  object space 144384K, 20% used [0x00000006c1600000,0x00000006c3265e58,0x00000006ca300000)
 Metaspace       used 56756K, capacity 59024K, committed 59160K, reserved 1099776K
  class space    used 7739K, capacity 8141K, committed 8240K, reserved 1048576K
Event: 6.575 GC heap after
Heap after GC invocations=11 (full 3):
 PSYoungGen      total 647168K, used 0K [0x000000076b200000, 0x0000000795680000, 0x00000007c0000000)
  eden space 623616K, 0% used [0x000000076b200000,0x000000076b200000,0x0000000791300000)
  from space 23552K, 0% used [0x0000000792b00000,0x0000000792b00000,0x0000000794200000)
  to   space 24576K, 0% used [0x0000000791300000,0x0000000791300000,0x0000000792b00000)
 ParOldGen       total 207360K, used 28624K [0x00000006c1600000, 0x00000006ce080000, 0x000000076b200000)
  object space 207360K, 13% used [0x00000006c1600000,0x00000006c31f42a0,0x00000006ce080000)
 Metaspace       used 56726K, capacity 58976K, committed 59160K, reserved 1099776K
  class space    used 7734K, capacity 8133K, committed 8240K, reserved 1048576K
}

