# JRE version: Java(TM) SE Runtime Environment (8.0_261-b12) (build 1.8.0_261-b12)
# Java VM: Java HotSpot(TM) 64-Bit Server VM (25.261-b12 mixed mode windows-amd64 compressed oops)
Heap:
 PSYoungGen      total 679936K, used 419063K [0x000000076b200000, 0x0000000796180000, 0x00000007c0000000)
  eden space 657920K, 63% used [0x000000076b200000,0x0000000784b3dfe8,0x0000000793480000)
  from space 22016K, 0% used [0x0000000794c00000,0x0000000794c00000,0x0000000796180000)
  to   space 23040K, 0% used [0x0000000793480000,0x0000000793480000,0x0000000794b00000)
 ParOldGen       total 231936K, used 37856K [0x00000006c1600000, 0x00000006cf880000, 0x000000076b200000)
  object space 231936K, 16% used [0x00000006c1600000,0x00000006c3af8158,0x00000006cf880000)
 Metaspace       used 83946K, capacity 87874K, committed 88192K, reserved 1126400K
  class space    used 10623K, capacity 11273K, committed 11392K, reserved 1048576K
GC Heap History (10 events):
Event: 305.427 GC heap before
{Heap before GC invocations=18 (full 6):
 PSYoungGen      total 681472K, used 10850K [0x000000076b200000, 0x0000000796480000, 0x00000007c0000000)
  eden space 657920K, 0% used [0x000000076b200000,0x000000076b200000,0x0000000793480000)
  from space 23552K, 46% used [0x0000000794d80000,0x00000007958188c8,0x0000000796480000)
  to   space 24576K, 0% used [0x0000000793480000,0x0000000793480000,0x0000000794c80000)
 ParOldGen       total 231936K, used 32296K [0x00000006c1600000, 0x00000006cf880000, 0x000000076b200000)
  object space 231936K, 13% used [0x00000006c1600000,0x00000006c358a090,0x00000006cf880000)
 Metaspace       used 77346K, capacity 80980K, committed 81152K, reserved 1120256K
  class space    used 10112K, capacity 10715K, committed 10752K, reserved 1048576K
Event: 305.622 GC heap after
Heap after GC invocations=18 (full 6):
 PSYoungGen      total 681472K, used 0K [0x000000076b200000, 0x0000000796480000, 0x00000007c0000000)
  eden space 657920K, 0% used [0x000000076b200000,0x000000076b200000,0x0000000793480000)
  from space 23552K, 0% used [0x0000000794d80000,0x0000000794d80000,0x0000000796480000)
  to   space 24576K, 0% used [0x0000000793480000,0x0000000793480000,0x0000000794c80000)
 ParOldGen       total 231936K, used 37079K [0x00000006c1600000, 0x00000006cf880000, 0x000000076b200000)
  object space 231936K, 15% used [0x00000006c1600000,0x00000006c3a35cf8,0x00000006cf880000)
 Metaspace       used 77227K, capacity 80788K, committed 81152K, reserved 1120256K
  class space    used 10095K, capacity 10682K, committed 10752K, reserved 1048576K
}
Event: 370.820 GC heap before
{Heap before GC invocations=19 (full 6):
 PSYoungGen      total 681472K, used 518626K [0x000000076b200000, 0x0000000796480000, 0x00000007c0000000)
  eden space 657920K, 78% used [0x000000076b200000,0x000000078ac78b88,0x0000000793480000)
  from space 23552K, 0% used [0x0000000794d80000,0x0000000794d80000,0x0000000796480000)
  to   space 24576K, 0% used [0x0000000793480000,0x0000000793480000,0x0000000794c80000)
 ParOldGen       total 231936K, used 37079K [0x00000006c1600000, 0x00000006cf880000, 0x000000076b200000)
  object space 231936K, 15% used [0x00000006c1600000,0x00000006c3a35cf8,0x00000006cf880000)
 Metaspace       used 79577K, capacity 83362K, committed 83456K, reserved 1122304K
  class space    used 10288K, capacity 10914K, committed 11008K, reserved 1048576K
Event: 370.829 GC heap after
Heap after GC invocations=19 (full 6):
 PSYoungGen      total 667648K, used 9331K [0x000000076b200000, 0x0000000796380000, 0x00000007c0000000)
  eden space 657920K, 0% used [0x000000076b200000,0x000000076b200000,0x0000000793480000)
  from space 9728K, 95% used [0x0000000793480000,0x0000000793d9cec8,0x0000000793e00000)
  to   space 24064K, 0% used [0x0000000794c00000,0x0000000794c00000,0x0000000796380000)
 ParOldGen       total 231936K, used 37087K [0x00000006c1600000, 0x00000006cf880000, 0x000000076b200000)
  object space 231936K, 15% used [0x00000006c1600000,0x00000006c3a37cf8,0x00000006cf880000)
 Metaspace       used 79577K, capacity 83362K, committed 83456K, reserved 1122304K
  class space    used 10288K, capacity 10914K, committed 11008K, reserved 1048576K
}
Event: 370.829 GC heap before
{Heap before GC invocations=20 (full 7):
 PSYoungGen      total 667648K, used 9331K [0x000000076b200000, 0x0000000796380000, 0x00000007c0000000)
  eden space 657920K, 0% used [0x000000076b200000,0x000000076b200000,0x0000000793480000)
  from space 9728K, 95% used [0x0000000793480000,0x0000000793d9cec8,0x0000000793e00000)
  to   space 24064K, 0% used [0x0000000794c00000,0x0000000794c00000,0x0000000796380000)
 ParOldGen       total 231936K, used 37087K [0x00000006c1600000, 0x00000006cf880000, 0x000000076b200000)
  object space 231936K, 15% used [0x00000006c1600000,0x00000006c3a37cf8,0x00000006cf880000)
 Metaspace       used 79577K, capacity 83362K, committed 83456K, reserved 1122304K
  class space    used 10288K, capacity 10914K, committed 11008K, reserved 1048576K
Event: 371.013 GC heap after
Heap after GC invocations=20 (full 7):
 PSYoungGen      total 667648K, used 0K [0x000000076b200000, 0x0000000796380000, 0x00000007c0000000)
  eden space 657920K, 0% used [0x000000076b200000,0x000000076b200000,0x0000000793480000)
  from space 9728K, 0% used [0x0000000793480000,0x0000000793480000,0x0000000793e00000)
  to   space 24064K, 0% used [0x0000000794c00000,0x0000000794c00000,0x0000000796380000)
 ParOldGen       total 231936K, used 36681K [0x00000006c1600000, 0x00000006cf880000, 0x000000076b200000)
  object space 231936K, 15% used [0x00000006c1600000,0x00000006c39d27d8,0x00000006cf880000)
 Metaspace       used 79458K, capacity 83170K, committed 83456K, reserved 1122304K
  class space    used 10270K, capacity 10881K, committed 11008K, reserved 1048576K
}
Event: 384.547 GC heap before
{Heap before GC invocations=21 (full 7):
 PSYoungGen      total 667648K, used 444260K [0x000000076b200000, 0x0000000796380000, 0x00000007c0000000)
  eden space 657920K, 67% used [0x000000076b200000,0x00000007863d92d0,0x0000000793480000)
  from space 9728K, 0% used [0x0000000793480000,0x0000000793480000,0x0000000793e00000)
  to   space 24064K, 0% used [0x0000000794c00000,0x0000000794c00000,0x0000000796380000)
 ParOldGen       total 231936K, used 36681K [0x00000006c1600000, 0x00000006cf880000, 0x000000076b200000)
  object space 231936K, 15% used [0x00000006c1600000,0x00000006c39d27d8,0x00000006cf880000)
 Metaspace       used 81751K, capacity 85638K, committed 85888K, reserved 1124352K
  class space    used 10448K, capacity 11086K, committed 11136K, reserved 1048576K
Event: 384.553 GC heap after
Heap after GC invocations=21 (full 7):
 PSYoungGen      total 679936K, used 9351K [0x000000076b200000, 0x0000000796180000, 0x00000007c0000000)
  eden space 657920K, 0% used [0x000000076b200000,0x000000076b200000,0x0000000793480000)
  from space 22016K, 42% used [0x0000000794c00000,0x0000000795521ef8,0x0000000796180000)
  to   space 23040K, 0% used [0x0000000793480000,0x0000000793480000,0x0000000794b00000)
 ParOldGen       total 231936K, used 36689K [0x00000006c1600000, 0x00000006cf880000, 0x000000076b200000)
  object space 231936K, 15% used [0x00000006c1600000,0x00000006c39d47d8,0x00000006cf880000)
 Metaspace       used 81751K, capacity 85638K, committed 85888K, reserved 1124352K
  class space    used 10448K, capacity 11086K, committed 11136K, reserved 1048576K
}
Event: 384.553 GC heap before
{Heap before GC invocations=22 (full 8):
 PSYoungGen      total 679936K, used 9351K [0x000000076b200000, 0x0000000796180000, 0x00000007c0000000)
  eden space 657920K, 0% used [0x000000076b200000,0x000000076b200000,0x0000000793480000)
  from space 22016K, 42% used [0x0000000794c00000,0x0000000795521ef8,0x0000000796180000)
  to   space 23040K, 0% used [0x0000000793480000,0x0000000793480000,0x0000000794b00000)
 ParOldGen       total 231936K, used 36689K [0x00000006c1600000, 0x00000006cf880000, 0x000000076b200000)
  object space 231936K, 15% used [0x00000006c1600000,0x00000006c39d47d8,0x00000006cf880000)
 Metaspace       used 81751K, capacity 85638K, committed 85888K, reserved 1124352K
  class space    used 10448K, capacity 11086K, committed 11136K, reserved 1048576K
Event: 384.668 GC heap after
Heap after GC invocations=22 (full 8):
 PSYoungGen      total 679936K, used 0K [0x000000076b200000, 0x0000000796180000, 0x00000007c0000000)
  eden space 657920K, 0% used [0x000000076b200000,0x000000076b200000,0x0000000793480000)
  from space 22016K, 0% used [0x0000000794c00000,0x0000000794c00000,0x0000000796180000)
  to   space 23040K, 0% used [0x0000000793480000,0x0000000793480000,0x0000000794b00000)
 ParOldGen       total 231936K, used 37856K [0x00000006c1600000, 0x00000006cf880000, 0x000000076b200000)
  object space 231936K, 16% used [0x00000006c1600000,0x00000006c3af8158,0x00000006cf880000)
 Metaspace       used 81632K, capacity 85446K, committed 85888K, reserved 1124352K
  class space    used 10431K, capacity 11053K, committed 11136K, reserved 1048576K
}

