# JRE version: Java(TM) SE Runtime Environment (8.0_261-b12) (build 1.8.0_261-b12)
# Java VM: Java HotSpot(TM) 64-Bit Server VM (25.261-b12 mixed mode windows-amd64 compressed oops)
Heap:
 PSYoungGen      total 614400K, used 495492K [0x000000076b200000, 0x0000000793d00000, 0x00000007c0000000)
  eden space 591360K, 83% used [0x000000076b200000,0x00000007895e12c8,0x000000078f380000)
  from space 23040K, 0% used [0x0000000790b00000,0x0000000790b00000,0x0000000792180000)
  to   space 24064K, 0% used [0x000000078f380000,0x000000078f380000,0x0000000790b00000)
 ParOldGen       total 217088K, used 28662K [0x00000006c1600000, 0x00000006cea00000, 0x000000076b200000)
  object space 217088K, 13% used [0x00000006c1600000,0x00000006c31fd890,0x00000006cea00000)
 Metaspace       used 71722K, capacity 75038K, committed 75288K, reserved 1114112K
  class space    used 9704K, capacity 10256K, committed 10288K, reserved 1048576K
GC Heap History (10 events):
Event: 3.483 GC heap before
{Heap before GC invocations=7 (full 1):
 PSYoungGen      total 272896K, used 157352K [0x000000076b200000, 0x0000000785d00000, 0x00000007c0000000)
  eden space 262144K, 55% used [0x000000076b200000,0x000000077412a4d0,0x000000077b200000)
  from space 10752K, 99% used [0x000000077b200000,0x000000077bc7fe28,0x000000077bc80000)
  to   space 13824K, 0% used [0x0000000784f80000,0x0000000784f80000,0x0000000785d00000)
 ParOldGen       total 98816K, used 7324K [0x00000006c1600000, 0x00000006c7680000, 0x000000076b200000)
  object space 98816K, 7% used [0x00000006c1600000,0x00000006c1d27108,0x00000006c7680000)
 Metaspace       used 33733K, capacity 35448K, committed 35496K, reserved 1079296K
  class space    used 4532K, capacity 4869K, committed 4912K, reserved 1048576K
Event: 3.491 GC heap after
Heap after GC invocations=7 (full 1):
 PSYoungGen      total 409088K, used 12553K [0x000000076b200000, 0x0000000785c00000, 0x00000007c0000000)
  eden space 396288K, 0% used [0x000000076b200000,0x000000076b200000,0x0000000783500000)
  from space 12800K, 98% used [0x0000000784f80000,0x0000000785bc2710,0x0000000785c00000)
  to   space 14848K, 0% used [0x0000000783f00000,0x0000000783f00000,0x0000000784d80000)
 ParOldGen       total 98816K, used 7332K [0x00000006c1600000, 0x00000006c7680000, 0x000000076b200000)
  object space 98816K, 7% used [0x00000006c1600000,0x00000006c1d29108,0x00000006c7680000)
 Metaspace       used 33733K, capacity 35448K, committed 35496K, reserved 1079296K
  class space    used 4532K, capacity 4869K, committed 4912K, reserved 1048576K
}
Event: 3.491 GC heap before
{Heap before GC invocations=8 (full 2):
 PSYoungGen      total 409088K, used 12553K [0x000000076b200000, 0x0000000785c00000, 0x00000007c0000000)
  eden space 396288K, 0% used [0x000000076b200000,0x000000076b200000,0x0000000783500000)
  from space 12800K, 98% used [0x0000000784f80000,0x0000000785bc2710,0x0000000785c00000)
  to   space 14848K, 0% used [0x0000000783f00000,0x0000000783f00000,0x0000000784d80000)
 ParOldGen       total 98816K, used 7332K [0x00000006c1600000, 0x00000006c7680000, 0x000000076b200000)
  object space 98816K, 7% used [0x00000006c1600000,0x00000006c1d29108,0x00000006c7680000)
 Metaspace       used 33733K, capacity 35448K, committed 35496K, reserved 1079296K
  class space    used 4532K, capacity 4869K, committed 4912K, reserved 1048576K
Event: 3.528 GC heap after
Heap after GC invocations=8 (full 2):
 PSYoungGen      total 409088K, used 0K [0x000000076b200000, 0x0000000785c00000, 0x00000007c0000000)
  eden space 396288K, 0% used [0x000000076b200000,0x000000076b200000,0x0000000783500000)
  from space 12800K, 0% used [0x0000000784f80000,0x0000000784f80000,0x0000000785c00000)
  to   space 14848K, 0% used [0x0000000783f00000,0x0000000783f00000,0x0000000784d80000)
 ParOldGen       total 151552K, used 16989K [0x00000006c1600000, 0x00000006caa00000, 0x000000076b200000)
  object space 151552K, 11% used [0x00000006c1600000,0x00000006c26974d8,0x00000006caa00000)
 Metaspace       used 33733K, capacity 35448K, committed 35496K, reserved 1079296K
  class space    used 4532K, capacity 4869K, committed 4912K, reserved 1048576K
}
Event: 5.684 GC heap before
{Heap before GC invocations=9 (full 2):
 PSYoungGen      total 409088K, used 396288K [0x000000076b200000, 0x0000000785c00000, 0x00000007c0000000)
  eden space 396288K, 100% used [0x000000076b200000,0x0000000783500000,0x0000000783500000)
  from space 12800K, 0% used [0x0000000784f80000,0x0000000784f80000,0x0000000785c00000)
  to   space 14848K, 0% used [0x0000000783f00000,0x0000000783f00000,0x0000000784d80000)
 ParOldGen       total 151552K, used 16989K [0x00000006c1600000, 0x00000006caa00000, 0x000000076b200000)
  object space 151552K, 11% used [0x00000006c1600000,0x00000006c26974d8,0x00000006caa00000)
 Metaspace       used 53406K, capacity 55520K, committed 55728K, reserved 1097728K
  class space    used 7320K, capacity 7733K, committed 7856K, reserved 1048576K
Event: 5.701 GC heap after
Heap after GC invocations=9 (full 2):
 PSYoungGen      total 421376K, used 14820K [0x000000076b200000, 0x0000000792180000, 0x00000007c0000000)
  eden space 406528K, 0% used [0x000000076b200000,0x000000076b200000,0x0000000783f00000)
  from space 14848K, 99% used [0x0000000783f00000,0x0000000784d79130,0x0000000784d80000)
  to   space 23040K, 0% used [0x0000000790b00000,0x0000000790b00000,0x0000000792180000)
 ParOldGen       total 151552K, used 29307K [0x00000006c1600000, 0x00000006caa00000, 0x000000076b200000)
  object space 151552K, 19% used [0x00000006c1600000,0x00000006c329ee10,0x00000006caa00000)
 Metaspace       used 53406K, capacity 55520K, committed 55728K, reserved 1097728K
  class space    used 7320K, capacity 7733K, committed 7856K, reserved 1048576K
}
Event: 6.295 GC heap before
{Heap before GC invocations=10 (full 2):
 PSYoungGen      total 421376K, used 116316K [0x000000076b200000, 0x0000000792180000, 0x00000007c0000000)
  eden space 406528K, 24% used [0x000000076b200000,0x000000077151e088,0x0000000783f00000)
  from space 14848K, 99% used [0x0000000783f00000,0x0000000784d79130,0x0000000784d80000)
  to   space 23040K, 0% used [0x0000000790b00000,0x0000000790b00000,0x0000000792180000)
 ParOldGen       total 151552K, used 29307K [0x00000006c1600000, 0x00000006caa00000, 0x000000076b200000)
  object space 151552K, 19% used [0x00000006c1600000,0x00000006c329ee10,0x00000006caa00000)
 Metaspace       used 56747K, capacity 59028K, committed 59160K, reserved 1099776K
  class space    used 7737K, capacity 8141K, committed 8240K, reserved 1048576K
Event: 6.311 GC heap after
Heap after GC invocations=10 (full 2):
 PSYoungGen      total 614400K, used 17195K [0x000000076b200000, 0x0000000793d00000, 0x00000007c0000000)
  eden space 591360K, 0% used [0x000000076b200000,0x000000076b200000,0x000000078f380000)
  from space 23040K, 74% used [0x0000000790b00000,0x0000000791bcac98,0x0000000792180000)
  to   space 24064K, 0% used [0x000000078f380000,0x000000078f380000,0x0000000790b00000)
 ParOldGen       total 151552K, used 29315K [0x00000006c1600000, 0x00000006caa00000, 0x000000076b200000)
  object space 151552K, 19% used [0x00000006c1600000,0x00000006c32a0e10,0x00000006caa00000)
 Metaspace       used 56747K, capacity 59028K, committed 59160K, reserved 1099776K
  class space    used 7737K, capacity 8141K, committed 8240K, reserved 1048576K
}
Event: 6.311 GC heap before
{Heap before GC invocations=11 (full 3):
 PSYoungGen      total 614400K, used 17195K [0x000000076b200000, 0x0000000793d00000, 0x00000007c0000000)
  eden space 591360K, 0% used [0x000000076b200000,0x000000076b200000,0x000000078f380000)
  from space 23040K, 74% used [0x0000000790b00000,0x0000000791bcac98,0x0000000792180000)
  to   space 24064K, 0% used [0x000000078f380000,0x000000078f380000,0x0000000790b00000)
 ParOldGen       total 151552K, used 29315K [0x00000006c1600000, 0x00000006caa00000, 0x000000076b200000)
  object space 151552K, 19% used [0x00000006c1600000,0x00000006c32a0e10,0x00000006caa00000)
 Metaspace       used 56747K, capacity 59028K, committed 59160K, reserved 1099776K
  class space    used 7737K, capacity 8141K, committed 8240K, reserved 1048576K
Event: 6.460 GC heap after
Heap after GC invocations=11 (full 3):
 PSYoungGen      total 614400K, used 0K [0x000000076b200000, 0x0000000793d00000, 0x00000007c0000000)
  eden space 591360K, 0% used [0x000000076b200000,0x000000076b200000,0x000000078f380000)
  from space 23040K, 0% used [0x0000000790b00000,0x0000000790b00000,0x0000000792180000)
  to   space 24064K, 0% used [0x000000078f380000,0x000000078f380000,0x0000000790b00000)
 ParOldGen       total 217088K, used 28662K [0x00000006c1600000, 0x00000006cea00000, 0x000000076b200000)
  object space 217088K, 13% used [0x00000006c1600000,0x00000006c31fd890,0x00000006cea00000)
 Metaspace       used 56717K, capacity 58980K, committed 59160K, reserved 1099776K
  class space    used 7733K, capacity 8133K, committed 8240K, reserved 1048576K
}

