# JRE version: Java(TM) SE Runtime Environment (8.0_261-b12) (build 1.8.0_261-b12)
# Java VM: Java HotSpot(TM) 64-Bit Server VM (25.261-b12 mixed mode windows-amd64 compressed oops)
Heap:
 PSYoungGen      total 819200K, used 453764K [0x000000076b200000, 0x000000079ec00000, 0x00000007c0000000)
  eden space 794624K, 57% used [0x000000076b200000,0x0000000786d21118,0x000000079ba00000)
  from space 24576K, 0% used [0x000000079d400000,0x000000079d400000,0x000000079ec00000)
  to   space 25600K, 0% used [0x000000079ba00000,0x000000079ba00000,0x000000079d300000)
 ParOldGen       total 203264K, used 36277K [0x00000006c1600000, 0x00000006cdc80000, 0x000000076b200000)
  object space 203264K, 17% used [0x00000006c1600000,0x00000006c396d540,0x00000006cdc80000)
 Metaspace       used 77399K, capacity 81108K, committed 81432K, reserved 1120256K
  class space    used 10108K, capacity 10716K, committed 10800K, reserved 1048576K
GC Heap History (10 events):
Event: 7.064 GC heap before
{Heap before GC invocations=11 (full 3):
 PSYoungGen      total 659456K, used 17151K [0x000000076b200000, 0x0000000796200000, 0x00000007c0000000)
  eden space 635904K, 0% used [0x000000076b200000,0x000000076b200000,0x0000000791f00000)
  from space 23552K, 72% used [0x0000000793680000,0x000000079473fc08,0x0000000794d80000)
  to   space 24064K, 0% used [0x0000000791f00000,0x0000000791f00000,0x0000000793680000)
 ParOldGen       total 141824K, used 29741K [0x00000006c1600000, 0x00000006ca080000, 0x000000076b200000)
  object space 141824K, 20% used [0x00000006c1600000,0x00000006c330b600,0x00000006ca080000)
 Metaspace       used 56755K, capacity 59016K, committed 59160K, reserved 1099776K
  class space    used 7733K, capacity 8141K, committed 8240K, reserved 1048576K
Event: 7.212 GC heap after
Heap after GC invocations=11 (full 3):
 PSYoungGen      total 659456K, used 0K [0x000000076b200000, 0x0000000796200000, 0x00000007c0000000)
  eden space 635904K, 0% used [0x000000076b200000,0x000000076b200000,0x0000000791f00000)
  from space 23552K, 0% used [0x0000000793680000,0x0000000793680000,0x0000000794d80000)
  to   space 24064K, 0% used [0x0000000791f00000,0x0000000791f00000,0x0000000793680000)
 ParOldGen       total 203264K, used 28620K [0x00000006c1600000, 0x00000006cdc80000, 0x000000076b200000)
  object space 203264K, 14% used [0x00000006c1600000,0x00000006c31f3360,0x00000006cdc80000)
 Metaspace       used 56725K, capacity 58968K, committed 59160K, reserved 1099776K
  class space    used 7729K, capacity 8133K, committed 8240K, reserved 1048576K
}
Event: 89.077 GC heap before
{Heap before GC invocations=12 (full 3):
 PSYoungGen      total 659456K, used 592289K [0x000000076b200000, 0x0000000796200000, 0x00000007c0000000)
  eden space 635904K, 93% used [0x000000076b200000,0x000000078f4687f8,0x0000000791f00000)
  from space 23552K, 0% used [0x0000000793680000,0x0000000793680000,0x0000000794d80000)
  to   space 24064K, 0% used [0x0000000791f00000,0x0000000791f00000,0x0000000793680000)
 ParOldGen       total 203264K, used 28620K [0x00000006c1600000, 0x00000006cdc80000, 0x000000076b200000)
  object space 203264K, 14% used [0x00000006c1600000,0x00000006c31f3360,0x00000006cdc80000)
 Metaspace       used 71990K, capacity 75412K, committed 75672K, reserved 1114112K
  class space    used 9743K, capacity 10314K, committed 10416K, reserved 1048576K
Event: 89.103 GC heap after
Heap after GC invocations=12 (full 3):
 PSYoungGen      total 659968K, used 21496K [0x000000076b200000, 0x000000079ee00000, 0x00000007c0000000)
  eden space 635904K, 0% used [0x000000076b200000,0x000000076b200000,0x0000000791f00000)
  from space 24064K, 89% used [0x0000000791f00000,0x00000007933fe208,0x0000000793680000)
  to   space 26624K, 0% used [0x000000079d400000,0x000000079d400000,0x000000079ee00000)
 ParOldGen       total 203264K, used 28628K [0x00000006c1600000, 0x00000006cdc80000, 0x000000076b200000)
  object space 203264K, 14% used [0x00000006c1600000,0x00000006c31f5360,0x00000006cdc80000)
 Metaspace       used 71990K, capacity 75412K, committed 75672K, reserved 1114112K
  class space    used 9743K, capacity 10314K, committed 10416K, reserved 1048576K
}
Event: 89.103 GC heap before
{Heap before GC invocations=13 (full 4):
 PSYoungGen      total 659968K, used 21496K [0x000000076b200000, 0x000000079ee00000, 0x00000007c0000000)
  eden space 635904K, 0% used [0x000000076b200000,0x000000076b200000,0x0000000791f00000)
  from space 24064K, 89% used [0x0000000791f00000,0x00000007933fe208,0x0000000793680000)
  to   space 26624K, 0% used [0x000000079d400000,0x000000079d400000,0x000000079ee00000)
 ParOldGen       total 203264K, used 28628K [0x00000006c1600000, 0x00000006cdc80000, 0x000000076b200000)
  object space 203264K, 14% used [0x00000006c1600000,0x00000006c31f5360,0x00000006cdc80000)
 Metaspace       used 71990K, capacity 75412K, committed 75672K, reserved 1114112K
  class space    used 9743K, capacity 10314K, committed 10416K, reserved 1048576K
Event: 89.291 GC heap after
Heap after GC invocations=13 (full 4):
 PSYoungGen      total 659968K, used 0K [0x000000076b200000, 0x000000079ee00000, 0x00000007c0000000)
  eden space 635904K, 0% used [0x000000076b200000,0x000000076b200000,0x0000000791f00000)
  from space 24064K, 0% used [0x0000000791f00000,0x0000000791f00000,0x0000000793680000)
  to   space 26624K, 0% used [0x000000079d400000,0x000000079d400000,0x000000079ee00000)
 ParOldGen       total 203264K, used 44060K [0x00000006c1600000, 0x00000006cdc80000, 0x000000076b200000)
  object space 203264K, 21% used [0x00000006c1600000,0x00000006c41071b0,0x00000006cdc80000)
 Metaspace       used 71904K, capacity 75274K, committed 75672K, reserved 1114112K
  class space    used 9730K, capacity 10291K, committed 10416K, reserved 1048576K
}
Event: 180.818 GC heap before
{Heap before GC invocations=14 (full 4):
 PSYoungGen      total 659968K, used 589118K [0x000000076b200000, 0x000000079ee00000, 0x00000007c0000000)
  eden space 635904K, 92% used [0x000000076b200000,0x000000078f14fb50,0x0000000791f00000)
  from space 24064K, 0% used [0x0000000791f00000,0x0000000791f00000,0x0000000793680000)
  to   space 26624K, 0% used [0x000000079d400000,0x000000079d400000,0x000000079ee00000)
 ParOldGen       total 203264K, used 44060K [0x00000006c1600000, 0x00000006cdc80000, 0x000000076b200000)
  object space 203264K, 21% used [0x00000006c1600000,0x00000006c41071b0,0x00000006cdc80000)
 Metaspace       used 74867K, capacity 78412K, committed 78616K, reserved 1118208K
  class space    used 9931K, capacity 10527K, committed 10544K, reserved 1048576K
Event: 180.827 GC heap after
Heap after GC invocations=14 (full 4):
 PSYoungGen      total 819200K, used 10969K [0x000000076b200000, 0x000000079ec00000, 0x00000007c0000000)
  eden space 794624K, 0% used [0x000000076b200000,0x000000076b200000,0x000000079ba00000)
  from space 24576K, 44% used [0x000000079d400000,0x000000079deb64c8,0x000000079ec00000)
  to   space 25600K, 0% used [0x000000079ba00000,0x000000079ba00000,0x000000079d300000)
 ParOldGen       total 203264K, used 44068K [0x00000006c1600000, 0x00000006cdc80000, 0x000000076b200000)
  object space 203264K, 21% used [0x00000006c1600000,0x00000006c41091b0,0x00000006cdc80000)
 Metaspace       used 74867K, capacity 78412K, committed 78616K, reserved 1118208K
  class space    used 9931K, capacity 10527K, committed 10544K, reserved 1048576K
}
Event: 180.827 GC heap before
{Heap before GC invocations=15 (full 5):
 PSYoungGen      total 819200K, used 10969K [0x000000076b200000, 0x000000079ec00000, 0x00000007c0000000)
  eden space 794624K, 0% used [0x000000076b200000,0x000000076b200000,0x000000079ba00000)
  from space 24576K, 44% used [0x000000079d400000,0x000000079deb64c8,0x000000079ec00000)
  to   space 25600K, 0% used [0x000000079ba00000,0x000000079ba00000,0x000000079d300000)
 ParOldGen       total 203264K, used 44068K [0x00000006c1600000, 0x00000006cdc80000, 0x000000076b200000)
  object space 203264K, 21% used [0x00000006c1600000,0x00000006c41091b0,0x00000006cdc80000)
 Metaspace       used 74867K, capacity 78412K, committed 78616K, reserved 1118208K
  class space    used 9931K, capacity 10527K, committed 10544K, reserved 1048576K
Event: 180.973 GC heap after
Heap after GC invocations=15 (full 5):
 PSYoungGen      total 819200K, used 0K [0x000000076b200000, 0x000000079ec00000, 0x00000007c0000000)
  eden space 794624K, 0% used [0x000000076b200000,0x000000076b200000,0x000000079ba00000)
  from space 24576K, 0% used [0x000000079d400000,0x000000079d400000,0x000000079ec00000)
  to   space 25600K, 0% used [0x000000079ba00000,0x000000079ba00000,0x000000079d300000)
 ParOldGen       total 203264K, used 36277K [0x00000006c1600000, 0x00000006cdc80000, 0x000000076b200000)
  object space 203264K, 17% used [0x00000006c1600000,0x00000006c396d540,0x00000006cdc80000)
 Metaspace       used 74748K, capacity 78220K, committed 78616K, reserved 1118208K
  class space    used 9914K, capacity 10494K, committed 10544K, reserved 1048576K
}

